Time resolution is 1 ps
Time=       0.0ns
  clk=1
Time=      12.5ns
  clk=0
Time=      25.0ns
  clk=1
Time=      37.5ns
  clk=0
Time=      50.0ns
  clk=1
Time=      62.5ns
  clk=0
-----  TEST FOR A OR B  -----
Time=      62.5ns 
 S=100 
 Cin=0 
 a=00000000000000000000000000000000 
 b=00000000000000000000000000000000 
 d=00000000000000000000000000000000 
 ref=00000000000000000000000000000000 

Time=      75.0ns
  clk=1
Time=      87.5ns
  clk=0
-----  TEST FOR A OR B  -----
Time=      87.5ns 
 S=100 
 Cin=0 
 a=00000000000000000000000000000000 
 b=00000000000000000000000000000000 
 d=00000000000000000000000000000000 
 ref=00000000000000000000000000000000 

Time=     100.0ns
  clk=1
Time=     112.5ns
  clk=0
-----  TEST FOR A + B/ CARRY CHAIN  -----
Time=     112.5ns 
 S=010 
 Cin=0 
 a=11111111111111111111111111111111 
 b=00000000000000000000000000000000 
 d=11111111111111111111111111111111 
 ref=11111111111111111111111111111111 

Time=     125.0ns
  clk=1
Time=     137.5ns
  clk=0
-----  TEST FOR A + B/ CARRY CHAIN  -----
Time=     137.5ns 
 S=010 
 Cin=1 
 a=11111111111111111111111111111111 
 b=00000000000000000000000000000000 
 d=00000000000000000000000000000000 
 ref=00000000000000000000000000000000 

Time=     150.0ns
  clk=1
Time=     162.5ns
  clk=0
-----  TEST FOR A + B/ CARRY CHAIN  -----
Time=     162.5ns 
 S=010 
 Cin=0 
 a=01111111111111111111111111111111 
 b=00000000000000000000000000000000 
 d=01111111111111111111111111111111 
 ref=01111111111111111111111111111111 

Time=     175.0ns
  clk=1
Time=     187.5ns
  clk=0
-----  TEST FOR A + B/ CARRY CHAIN  -----
Time=     187.5ns 
 S=010 
 Cin=1 
 a=01111111111111111111111111111111 
 b=00000000000000000000000000000000 
 d=10000000000000000000000000000000 
 ref=10000000000000000000000000000000 

Time=     200.0ns
  clk=1
Time=     212.5ns
  clk=0
-----  TEST FOR A XOR B  -----
Time=     212.5ns 
 S=000 
 Cin=0 
 a=11110000000100000001000011001010 
 b=11110000000000000001000110101100 
 d=00000000000100000000000101100110 
 ref=00000000000100000000000101100110 

Time=     225.0ns
  clk=1
Time=     237.5ns
  clk=0
-----  TEST FOR A XNOR B  -----
Time=     237.5ns 
 S=001 
 Cin=0 
 a=11110001000000011100101110101001 
 b=00000000000100011010110111000001 
 d=00001110111011111001100110010111 
 ref=00001110111011111001100110010111 

Time=     250.0ns
  clk=1
Time=     262.5ns
  clk=0
-----  TEST FOR A AND B  -----
Time=     262.5ns 
 S=110 
 Cin=0 
 a=11111111111111111111111111111111 
 b=00000000000000001111111111111111 
 d=00000000000000001111111111111111 
 ref=00000000000000001111111111111111 

Time=     275.0ns
  clk=1
Time=     287.5ns
  clk=0
-----  TEST FOR A OR B  -----
Time=     287.5ns 
 S=100 
 Cin=0 
 a=11110001000000011100101110101001 
 b=00000000000100011010110111000001 
 d=11110001000100011110111111101001 
 ref=11110001000100011110111111101001 

Time=     300.0ns
  clk=1
Time=     312.5ns
  clk=0
-----  TEST FOR A + B/ CARRY CHAIN  -----
Time=     312.5ns 
 S=010 
 Cin=0 
 a=00110001001100010010000000100000 
 b=00110011000100010010001000000000 
 d=01100100010000100100001000100000 
 ref=01100100010000100100001000100000 

Time=     325.0ns
  clk=1
Time=     337.5ns
  clk=0
-----  TEST FOR A - B  -----
Time=     337.5ns 
 S=011 
 Cin=1 
 a=00110001001100010010000000100000 
 b=11001100111011101101110111111111 
 d=01100100010000100100001000100001 
 ref=01100100010000100100001000100001 

Time=     350.0ns
  clk=1
Time=     362.5ns
  clk=0
-----  TEST FOR A + B/ CARRY CHAIN  -----
Time=     362.5ns 
 S=010 
 Cin=1 
 a=00000000000000000000000000000000 
 b=00000000000000000000000000000000 
 d=00000000000000000000000000000001 
 ref=00000000000000000000000000000001 

Time=     375.0ns
  clk=1
Time=     387.5ns
  clk=0
-----  TEST FOR A + B/ CARRY CHAIN  -----
Time=     387.5ns 
 S=010 
 Cin=0 
 a=00000000000000000000000000001111 
 b=00000000000000000000000000000000 
 d=00000000000000000000000000001111 
 ref=00000000000000000000000000001111 

Time=     400.0ns
  clk=1
Time=     412.5ns
  clk=0
-----  TEST FOR A + B/ CARRY CHAIN  -----
Time=     412.5ns 
 S=010 
 Cin=1 
 a=00000000000000000000000000001111 
 b=00000000000000000000000000000000 
 d=00000000000000000000000000010000 
 ref=00000000000000000000000000010000 

Time=     425.0ns
  clk=1
Time=     437.5ns
  clk=0
-----  TEST FOR A + B/ CARRY CHAIN  -----
Time=     437.5ns 
 S=010 
 Cin=0 
 a=00000000000000000000000011111111 
 b=00000000000000000000000000000000 
 d=00000000000000000000000011111111 
 ref=00000000000000000000000011111111 

Time=     450.0ns
  clk=1
Time=     462.5ns
  clk=0
-----  TEST FOR A + B/ CARRY CHAIN  -----
Time=     462.5ns 
 S=010 
 Cin=1 
 a=00000000000000000000000011111111 
 b=00000000000000000000000000000000 
 d=00000000000000000000000100000000 
 ref=00000000000000000000000100000000 

Time=     475.0ns
  clk=1
Time=     487.5ns
  clk=0
-----  TEST FOR A + B/ CARRY CHAIN  -----
Time=     487.5ns 
 S=010 
 Cin=0 
 a=00000000000000000000111111111111 
 b=00000000000000000000000000000000 
 d=00000000000000000000111111111111 
 ref=00000000000000000000111111111111 

Time=     500.0ns
  clk=1
Time=     512.5ns
  clk=0
-----  TEST FOR A + B/ CARRY CHAIN  -----
Time=     512.5ns 
 S=010 
 Cin=1 
 a=00000000000000000000111111111111 
 b=00000000000000000000000000000000 
 d=00000000000000000001000000000000 
 ref=00000000000000000001000000000000 

Time=     525.0ns
  clk=1
Time=     537.5ns
  clk=0
-----  TEST FOR A + B/ CARRY CHAIN  -----
Time=     537.5ns 
 S=010 
 Cin=0 
 a=00000000000000001111111111111111 
 b=00000000000000000000000000000000 
 d=00000000000000001111111111111111 
 ref=00000000000000001111111111111111 

Time=     550.0ns
  clk=1
Time=     562.5ns
  clk=0
-----  TEST FOR A + B/ CARRY CHAIN  -----
Time=     562.5ns 
 S=010 
 Cin=1 
 a=00000000000000001111111111111111 
 b=00000000000000000000000000000000 
 d=00000000000000010000000000000000 
 ref=00000000000000010000000000000000 

Time=     575.0ns
  clk=1
Time=     587.5ns
  clk=0
-----  TEST FOR A + B/ CARRY CHAIN  -----
Time=     587.5ns 
 S=010 
 Cin=0 
 a=00000000000011111111111111111111 
 b=00000000000000000000000000000000 
 d=00000000000011111111111111111111 
 ref=00000000000011111111111111111111 

Time=     600.0ns
  clk=1
Time=     612.5ns
  clk=0
-----  TEST FOR A + B/ CARRY CHAIN  -----
Time=     612.5ns 
 S=010 
 Cin=1 
 a=00000000000011111111111111111111 
 b=00000000000000000000000000000000 
 d=00000000000100000000000000000000 
 ref=00000000000100000000000000000000 

Time=     625.0ns
  clk=1
Time=     637.5ns
  clk=0
-----  TEST FOR A + B/ CARRY CHAIN  -----
Time=     637.5ns 
 S=010 
 Cin=0 
 a=00000000111111111111111111111111 
 b=00000000000000000000000000000000 
 d=00000000111111111111111111111111 
 ref=00000000111111111111111111111111 

Time=     650.0ns
  clk=1
Time=     662.5ns
  clk=0
-----  TEST FOR A + B/ CARRY CHAIN  -----
Time=     662.5ns 
 S=010 
 Cin=1 
 a=00000000111111111111111111111111 
 b=00000000000000000000000000000000 
 d=00000001000000000000000000000000 
 ref=00000001000000000000000000000000 

Time=     675.0ns
  clk=1
Time=     687.5ns
  clk=0
-----  TEST FOR A + B/ CARRY CHAIN  -----
Time=     687.5ns 
 S=010 
 Cin=0 
 a=00001111111111111111111111111111 
 b=00000000000000000000000000000000 
 d=00001111111111111111111111111111 
 ref=00001111111111111111111111111111 

Time=     700.0ns
  clk=1
Time=     712.5ns
  clk=0
-----  TEST FOR A + B/ CARRY CHAIN  -----
Time=     712.5ns 
 S=010 
 Cin=1 
 a=00001111111111111111111111111111 
 b=00000000000000000000000000000000 
 d=00010000000000000000000000000000 
 ref=00010000000000000000000000000000 

Time=     725.0ns
  clk=1
Time=     737.5ns
  clk=0
-----  TEST FOR A NOR B  -----
Time=     737.5ns 
 S=101 
 Cin=0 
 a=11111111111111111111111111111111 
 b=00000000000000001111111111111111 
 d=00000000000000000000000000000000 
 ref=00000000000000000000000000000000 

Time=     750.0ns
  clk=1
Time=     762.5ns
  clk=0
-----  TEST FOR A + B/ CARRY CHAIN  -----
Time=     762.5ns 
 S=010 
 Cin=0 
 a=00000000000000000000000000000000 
 b=00000000000000000000000000000000 
 d=00000000000000000000000000000000 
 ref=xxxxxxxxxxxxxxxxxxxxxxxxxxxxxxxx 

Time=     775.0ns
  clk=1
Time=     