
*** Running vivado
    with args -log regalu.vds -m64 -product Vivado -mode batch -messageDb vivado.pb -notrace -source regalu.tcl



****** Vivado v2022.1 (64-bit)
  **** SW Build 3526262 on Mon Apr 18 15:48:16 MDT 2022
  **** IP Build 3524634 on Mon Apr 18 20:55:01 MDT 2022
    ** Copyright 1986-2022 Xilinx, Inc. All Rights Reserved.

source regalu.tcl -notrace
Command: read_checkpoint -auto_incremental -incremental C:/Users/jrper/OneDrive/Documents/EECE3324/group/group.srcs/utils_1/imports/synth_1/ALUpipe.dcp
INFO: [Vivado 12-5825] Read reference checkpoint from C:/Users/jrper/OneDrive/Documents/EECE3324/group/group.srcs/utils_1/imports/synth_1/ALUpipe.dcp for incremental synthesis
INFO: [Vivado 12-7989] Please ensure there are no constraint changes
Command: synth_design -top regalu -part xck26-sfvc784-2LV-c
Starting synth_design
Attempting to get a license for feature 'Synthesis' and/or device 'xck26'
INFO: [Common 17-349] Got license for feature 'Synthesis' and/or device 'xck26'
INFO: [Synth 8-7079] Multithreading enabled for synth_design using a maximum of 2 processes.
INFO: [Synth 8-7078] Launching helper process for spawning children vivado processes
INFO: [Synth 8-7075] Helper process launched with PID 10132
---------------------------------------------------------------------------------
Starting Synthesize : Time (s): cpu = 00:00:06 ; elapsed = 00:00:06 . Memory (MB): peak = 1277.949 ; gain = 0.000
---------------------------------------------------------------------------------
INFO: [Synth 8-6157] synthesizing module 'regalu' [C:/Users/jrper/OneDrive/Documents/EECE3324/group/group.srcs/sources_1/new/regalu.v:4]
INFO: [Synth 8-6157] synthesizing module 'regfile32x32' [C:/Users/jrper/OneDrive/Documents/EECE3324/group/group.srcs/sources_1/new/regfile32x32.v:4]
INFO: [Synth 8-6157] synthesizing module 'reg32negative' [C:/Users/jrper/OneDrive/Documents/EECE3324/group/group.srcs/sources_1/new/32regnegative.v:5]
INFO: [Synth 8-6155] done synthesizing module 'reg32negative' (0#1) [C:/Users/jrper/OneDrive/Documents/EECE3324/group/group.srcs/sources_1/new/32regnegative.v:5]
WARNING: [Synth 8-445] multiply driven output port connection 'abus' in instance array 'registers' [C:/Users/jrper/OneDrive/Documents/EECE3324/group/group.srcs/sources_1/new/regfile32x32.v:16]
WARNING: [Synth 8-445] multiply driven output port connection 'bbus' in instance array 'registers' [C:/Users/jrper/OneDrive/Documents/EECE3324/group/group.srcs/sources_1/new/regfile32x32.v:16]
INFO: [Synth 8-6155] done synthesizing module 'regfile32x32' (0#1) [C:/Users/jrper/OneDrive/Documents/EECE3324/group/group.srcs/sources_1/new/regfile32x32.v:4]
INFO: [Synth 8-6157] synthesizing module 'alupipe' [C:/Users/jrper/OneDrive/Documents/EECE3324/group/group.srcs/sources_1/new/ALUpipe.v:4]
INFO: [Synth 8-6157] synthesizing module 'reg32' [C:/Users/jrper/OneDrive/Documents/EECE3324/group/group.srcs/sources_1/new/reg32.v:4]
INFO: [Synth 8-6155] done synthesizing module 'reg32' (0#1) [C:/Users/jrper/OneDrive/Documents/EECE3324/group/group.srcs/sources_1/new/reg32.v:4]
INFO: [Synth 8-6157] synthesizing module 'alu32' [C:/Users/jrper/OneDrive/Documents/EECE3324/group/group.srcs/sources_1/new/alu32.v:3]
INFO: [Synth 8-6157] synthesizing module 'alu_cell' [C:/Users/jrper/OneDrive/Documents/EECE3324/group/group.srcs/sources_1/new/alu32.v:41]
INFO: [Synth 8-6155] done synthesizing module 'alu_cell' (0#1) [C:/Users/jrper/OneDrive/Documents/EECE3324/group/group.srcs/sources_1/new/alu32.v:41]
INFO: [Synth 8-6157] synthesizing module 'lac5' [C:/Users/jrper/OneDrive/Documents/EECE3324/group/group.srcs/sources_1/new/alu32.v:199]
INFO: [Synth 8-6157] synthesizing module 'lac4' [C:/Users/jrper/OneDrive/Documents/EECE3324/group/group.srcs/sources_1/new/alu32.v:162]
INFO: [Synth 8-6157] synthesizing module 'lac3' [C:/Users/jrper/OneDrive/Documents/EECE3324/group/group.srcs/sources_1/new/alu32.v:125]
INFO: [Synth 8-6157] synthesizing module 'lac2' [C:/Users/jrper/OneDrive/Documents/EECE3324/group/group.srcs/sources_1/new/alu32.v:86]
INFO: [Synth 8-6157] synthesizing module 'lac' [C:/Users/jrper/OneDrive/Documents/EECE3324/group/group.srcs/sources_1/new/alu32.v:72]
INFO: [Synth 8-6155] done synthesizing module 'lac' (0#1) [C:/Users/jrper/OneDrive/Documents/EECE3324/group/group.srcs/sources_1/new/alu32.v:72]
INFO: [Synth 8-6155] done synthesizing module 'lac2' (0#1) [C:/Users/jrper/OneDrive/Documents/EECE3324/group/group.srcs/sources_1/new/alu32.v:86]
INFO: [Synth 8-6155] done synthesizing module 'lac3' (0#1) [C:/Users/jrper/OneDrive/Documents/EECE3324/group/group.srcs/sources_1/new/alu32.v:125]
INFO: [Synth 8-6155] done synthesizing module 'lac4' (0#1) [C:/Users/jrper/OneDrive/Documents/EECE3324/group/group.srcs/sources_1/new/alu32.v:162]
INFO: [Synth 8-6155] done synthesizing module 'lac5' (0#1) [C:/Users/jrper/OneDrive/Documents/EECE3324/group/group.srcs/sources_1/new/alu32.v:199]
INFO: [Synth 8-6155] done synthesizing module 'alu32' (0#1) [C:/Users/jrper/OneDrive/Documents/EECE3324/group/group.srcs/sources_1/new/alu32.v:3]
INFO: [Synth 8-6155] done synthesizing module 'alupipe' (0#1) [C:/Users/jrper/OneDrive/Documents/EECE3324/group/group.srcs/sources_1/new/ALUpipe.v:4]
INFO: [Synth 8-6155] done synthesizing module 'regalu' (0#1) [C:/Users/jrper/OneDrive/Documents/EECE3324/group/group.srcs/sources_1/new/regalu.v:4]
WARNING: [Synth 8-7129] Port dselect[0] in module regfile32x32 is either unconnected or has no load
---------------------------------------------------------------------------------
Finished Synthesize : Time (s): cpu = 00:00:07 ; elapsed = 00:00:08 . Memory (MB): peak = 1277.949 ; gain = 0.000
---------------------------------------------------------------------------------
---------------------------------------------------------------------------------
Finished Constraint Validation : Time (s): cpu = 00:00:08 ; elapsed = 00:00:09 . Memory (MB): peak = 1277.949 ; gain = 0.000
---------------------------------------------------------------------------------
---------------------------------------------------------------------------------
Start Loading Part and Timing Information
---------------------------------------------------------------------------------
Loading part: xck26-sfvc784-2LV-c
INFO: [Synth 8-6742] Reading net delay rules and data
---------------------------------------------------------------------------------
INFO: [Device 21-403] Loading part xck26-sfvc784-2LV-c
Finished Loading Part and Timing Information : Time (s): cpu = 00:00:08 ; elapsed = 00:00:09 . Memory (MB): peak = 1277.949 ; gain = 0.000
---------------------------------------------------------------------------------
---------------------------------------------------------------------------------
Start Preparing Guide Design
---------------------------------------------------------------------------------
CRITICAL WARNING: [Synth 8-6895] The reference checkpoint C:/Users/jrper/OneDrive/Documents/EECE3324/group/group.srcs/utils_1/imports/synth_1/ALUpipe.dcp is not suitable for use with incremental synthesis for this design. Please regenerate the checkpoint for this design with -incremental_synth switch in the same Vivado session that synth_design has been run. Synthesis will continue with the default flow
---------------------------------------------------------------------------------
Finished Doing Graph Differ : Time (s): cpu = 00:00:08 ; elapsed = 00:00:09 . Memory (MB): peak = 1277.949 ; gain = 0.000
---------------------------------------------------------------------------------
---------------------------------------------------------------------------------
Finished Preparing Guide Design : Time (s): cpu = 00:00:08 ; elapsed = 00:00:09 . Memory (MB): peak = 1277.949 ; gain = 0.000
---------------------------------------------------------------------------------
---------------------------------------------------------------------------------
Finished RTL Optimization Phase 2 : Time (s): cpu = 00:00:09 ; elapsed = 00:00:09 . Memory (MB): peak = 1277.949 ; gain = 0.000
---------------------------------------------------------------------------------


Incremental Synthesis Report Summary:

1. Incremental synthesis run: no

   Reason for not running incremental synthesis : 


INFO: [Synth 8-7130] Flow is switching to default flow due to incremental criteria not met. If you would like to alter this behaviour and have the flow terminate instead, please set the following parameter config_implementation {autoIncr.Synth.RejectBehavior Terminate}
No constraint files found.
---------------------------------------------------------------------------------
Start RTL Component Statistics 
---------------------------------------------------------------------------------
Detailed RTL Component Info : 
+---XORs : 
	   2 Input      1 Bit         XORs := 97    
+---Registers : 
	               32 Bit    Registers := 34    
---------------------------------------------------------------------------------
Finished RTL Component Statistics 
---------------------------------------------------------------------------------
---------------------------------------------------------------------------------
Start Part Resource Summary
---------------------------------------------------------------------------------
WARNING: [Device 21-9] Clock region file  is not available
Part Resources:
DSPs: 1248 (col length:96)
BRAMs: 288 (col length: RAMB18 96 RAMB36 48)
---------------------------------------------------------------------------------
Finished Part Resource Summary
---------------------------------------------------------------------------------
No constraint files found.
---------------------------------------------------------------------------------
Start Cross Boundary and Area Optimization
---------------------------------------------------------------------------------
WARNING: [Synth 8-7080] Parallel synthesis criteria is not met
WARNING: [Synth 8-7129] Port Dselect[0] in module regalu is either unconnected or has no load
---------------------------------------------------------------------------------
Finished Cross Boundary and Area Optimization : Time (s): cpu = 00:00:19 ; elapsed = 00:00:27 . Memory (MB): peak = 1665.395 ; gain = 387.445
---------------------------------------------------------------------------------
No constraint files found.
---------------------------------------------------------------------------------
Start Timing Optimization
---------------------------------------------------------------------------------
---------------------------------------------------------------------------------
Finished Timing Optimization : Time (s): cpu = 00:00:19 ; elapsed = 00:00:27 . Memory (MB): peak = 1665.395 ; gain = 387.445
---------------------------------------------------------------------------------
---------------------------------------------------------------------------------
Start Technology Mapping
---------------------------------------------------------------------------------
---------------------------------------------------------------------------------
Finished Technology Mapping : Time (s): cpu = 00:00:19 ; elapsed = 00:00:27 . Memory (MB): peak = 1665.395 ; gain = 387.445
---------------------------------------------------------------------------------
---------------------------------------------------------------------------------
Start IO Insertion
---------------------------------------------------------------------------------
---------------------------------------------------------------------------------
Start Flattening Before IO Insertion
---------------------------------------------------------------------------------
---------------------------------------------------------------------------------
Finished Flattening Before IO Insertion
---------------------------------------------------------------------------------
---------------------------------------------------------------------------------
Start Final Netlist Cleanup
---------------------------------------------------------------------------------
---------------------------------------------------------------------------------
Finished Final Netlist Cleanup
---------------------------------------------------------------------------------
---------------------------------------------------------------------------------
Finished IO Insertion : Time (s): cpu = 00:00:23 ; elapsed = 00:00:31 . Memory (MB): peak = 1665.395 ; gain = 387.445
---------------------------------------------------------------------------------
---------------------------------------------------------------------------------
Start Renaming Generated Instances
---------------------------------------------------------------------------------
---------------------------------------------------------------------------------
Finished Renaming Generated Instances : Time (s): cpu = 00:00:23 ; elapsed = 00:00:31 . Memory (MB): peak = 1665.395 ; gain = 387.445
---------------------------------------------------------------------------------
---------------------------------------------------------------------------------
Start Rebuilding User Hierarchy
---------------------------------------------------------------------------------
---------------------------------------------------------------------------------
Finished Rebuilding User Hierarchy : Time (s): cpu = 00:00:24 ; elapsed = 00:00:32 . Memory (MB): peak = 1665.395 ; gain = 387.445
---------------------------------------------------------------------------------
---------------------------------------------------------------------------------
Start Renaming Generated Ports
---------------------------------------------------------------------------------
---------------------------------------------------------------------------------
Finished Renaming Generated Ports : Time (s): cpu = 00:00:24 ; elapsed = 00:00:32 . Memory (MB): peak = 1665.395 ; gain = 387.445
---------------------------------------------------------------------------------
---------------------------------------------------------------------------------
Start Handling Custom Attributes
---------------------------------------------------------------------------------
---------------------------------------------------------------------------------
Finished Handling Custom Attributes : Time (s): cpu = 00:00:24 ; elapsed = 00:00:32 . Memory (MB): peak = 1665.395 ; gain = 387.445
---------------------------------------------------------------------------------
---------------------------------------------------------------------------------
Start Renaming Generated Nets
---------------------------------------------------------------------------------
---------------------------------------------------------------------------------
Finished Renaming Generated Nets : Time (s): cpu = 00:00:24 ; elapsed = 00:00:32 . Memory (MB): peak = 1665.395 ; gain = 387.445
---------------------------------------------------------------------------------
---------------------------------------------------------------------------------
Start Writing Synthesis Report
---------------------------------------------------------------------------------

Report BlackBoxes: 
+-+--------------+----------+
| |BlackBox name |Instances |
+-+--------------+----------+
+-+--------------+----------+

Report Cell Usage: 
+------+------+------+
|      |Cell  |Count |
+------+------+------+
|1     |LUT1  |    64|
|2     |LUT2  |   225|
|3     |LUT3  |     7|
|4     |LUT4  |   133|
|5     |LUT5  |    69|
|6     |LUT6  |  1121|
|7     |FDRE  |  1088|
|8     |IBUF  |   100|
|9     |OBUF  |    32|
|10    |OBUFT |    64|
+------+------+------+

Report Instance Areas: 
+------+--------------------+-----------------+------+
|      |Instance            |Module           |Cells |
+------+--------------------+-----------------+------+
|1     |top                 |                 |  2903|
|2     |  alu               |alupipe          |   660|
|3     |    A               |reg32            |   365|
|4     |    B               |reg32_30         |   262|
|5     |    D__0            |reg32_31         |    33|
|6     |  regfile           |regfile32x32     |  1983|
|7     |    \registers[10]  |reg32negative    |    97|
|8     |    \registers[11]  |reg32negative_0  |    33|
|9     |    \registers[12]  |reg32negative_1  |    33|
|10    |    \registers[13]  |reg32negative_2  |    97|
|11    |    \registers[14]  |reg32negative_3  |    33|
|12    |    \registers[15]  |reg32negative_4  |    33|
|13    |    \registers[16]  |reg32negative_5  |    97|
|14    |    \registers[17]  |reg32negative_6  |    33|
|15    |    \registers[18]  |reg32negative_7  |    33|
|16    |    \registers[19]  |reg32negative_8  |    97|
|17    |    \registers[1]   |reg32negative_9  |   289|
|18    |    \registers[20]  |reg32negative_10 |    33|
|19    |    \registers[21]  |reg32negative_11 |    33|
|20    |    \registers[22]  |reg32negative_12 |    97|
|21    |    \registers[23]  |reg32negative_13 |    33|
|22    |    \registers[24]  |reg32negative_14 |    33|
|23    |    \registers[25]  |reg32negative_15 |    97|
|24    |    \registers[26]  |reg32negative_16 |    33|
|25    |    \registers[27]  |reg32negative_17 |    33|
|26    |    \registers[28]  |reg32negative_18 |   161|
|27    |    \registers[29]  |reg32negative_19 |    33|
|28    |    \registers[2]   |reg32negative_20 |    33|
|29    |    \registers[30]  |reg32negative_21 |    33|
|30    |    \registers[31]  |reg32negative_22 |    97|
|31    |    \registers[3]   |reg32negative_23 |    33|
|32    |    \registers[4]   |reg32negative_24 |    97|
|33    |    \registers[5]   |reg32negative_25 |    33|
|34    |    \registers[6]   |reg32negative_26 |    33|
|35    |    \registers[7]   |reg32negative_27 |    97|
|36    |    \registers[8]   |reg32negative_28 |    33|
|37    |    \registers[9]   |reg32negative_29 |    33|
+------+--------------------+-----------------+------+
---------------------------------------------------------------------------------
Finished Writing Synthesis Report : Time (s): cpu = 00:00:24 ; elapsed = 00:00:32 . Memory (MB): peak = 1665.395 ; gain = 387.445
---------------------------------------------------------------------------------
Synthesis finished with 0 errors, 1 critical warnings and 6 warnings.
Synthesis Optimization Runtime : Time (s): cpu = 00:00:24 ; elapsed = 00:00:32 . Memory (MB): peak = 1665.395 ; gain = 387.445
Synthesis Optimization Complete : Time (s): cpu = 00:00:24 ; elapsed = 00:00:32 . Memory (MB): peak = 1665.395 ; gain = 387.445
INFO: [Project 1-571] Translating synthesized netlist
Netlist sorting complete. Time (s): cpu = 00:00:00 ; elapsed = 00:00:00.051 . Memory (MB): peak = 1665.395 ; gain = 0.000
INFO: [Netlist 29-17] Analyzing 100 Unisim elements for replacement
INFO: [Netlist 29-28] Unisim Transformation completed in 0 CPU seconds
INFO: [Project 1-570] Preparing netlist for logic optimization
INFO: [Opt 31-138] Pushed 0 inverter(s) to 0 load pin(s).
Netlist sorting complete. Time (s): cpu = 00:00:00 ; elapsed = 00:00:00.001 . Memory (MB): peak = 1704.598 ; gain = 0.000
INFO: [Project 1-111] Unisim Transformation Summary:
  A total of 100 instances were transformed.
  IBUF => IBUF (IBUFCTRL, INBUF): 100 instances

Synth Design complete, checksum: c2854743
INFO: [Common 17-83] Releasing license: Synthesis
40 Infos, 6 Warnings, 1 Critical Warnings and 0 Errors encountered.
synth_design completed successfully
synth_design: Time (s): cpu = 00:00:26 ; elapsed = 00:00:34 . Memory (MB): peak = 1704.598 ; gain = 426.648
INFO: [runtcl-6] Synthesis results are not added to the cache due to CRITICAL_WARNING
INFO: [Common 17-1381] The checkpoint 'C:/Users/jrper/OneDrive/Documents/EECE3324/group/group.runs/synth_1/regalu.dcp' has been generated.
INFO: [runtcl-4] Executing : report_utilization -file regalu_utilization_synth.rpt -pb regalu_utilization_synth.pb
INFO: [Common 17-206] Exiting Vivado at Wed May 17 12:38:20 2023...
